<?xml version="1.0" encoding="UTF-8"?>
<!-- Generated by org.testng.reporters.JUnitReportReporter -->
<testsuite hostname="STIPL-SMBL0373" failures="0" tests="1" name="test.BasePage" time="54.854" errors="0" timestamp="03 Aug 2024 11:37:54 GMT" skipped="0">
  <testcase classname="test.BasePage" name="Login" time="54.854"/>
</testsuite> <!-- test.BasePage -->
